<?xml version="1.0" encoding="UTF-8"?>
<!-- Generated by org.testng.reporters.JUnitXMLReporter -->
<testsuite ignored="0" hostname="ARSU_2831" failures="0" tests="3" name="Testing" time="0.009" errors="0" timestamp="2025-01-02T07:27:47 IST">
  <testcase classname="Frameword_practice.test.TC002" name="TC003" time="0.002"/>
  <testcase classname="Frameword_practice.test.TC001" name="TS001" time="0.001"/>
  <testcase classname="Frameword_practice.test.TC001" name="TS002" time="0.0"/>
</testsuite> <!-- Testing -->
