<?xml version="1.0" encoding="UTF-8"?>
<!-- Generated by org.testng.reporters.JUnitXMLReporter -->
<testsuite ignored="6" hostname="ARSU_2831" failures="0" tests="1" name="Test" time="0.088" errors="0" timestamp="2025-01-03T07:53:14 IST">
  <testcase classname="Frameword_practice.test.TC001" name="TS001" time="0.022"/>
  <testcase classname="Frameword_practice.test.TC001" name="decodedBytes" time="0.0">
    <ignored/>
  </testcase> <!-- decodedBytes -->
  <testcase classname="Frameword_practice.test.TC001" name="testData" time="0.0">
    <ignored/>
  </testcase> <!-- testData -->
  <testcase classname="Frameword_practice.test.TC001" name="TS002" time="0.0">
    <ignored/>
  </testcase> <!-- TS002 -->
  <testcase classname="Frameword_practice.test.TC002" name="TC003" time="0.0">
    <ignored/>
  </testcase> <!-- TC003 -->
  <testcase classname="Frameword_practice.test.TC001" name="encoding" time="0.0">
    <ignored/>
  </testcase> <!-- encoding -->
  <testcase classname="Frameword_practice.test.TC001" name="encodedString" time="0.0">
    <ignored/>
  </testcase> <!-- encodedString -->
</testsuite> <!-- Test -->
