<?xml version="1.0" encoding="UTF-8"?>
<testng-results ignored="0" total="1" passed="1" failed="0" skipped="0">
  <reporter-output>
  </reporter-output>
  <suite started-at="2025-01-03T10:26:29 IST" name="Default suite" finished-at="2025-01-03T10:26:29 IST" duration-ms="63">
    <groups>
    </groups>
    <test started-at="2025-01-03T10:26:29 IST" name="Default test" finished-at="2025-01-03T10:26:29 IST" duration-ms="63">
      <class name="Frameword_practice.test.TC002">
        <test-method is-config="true" signature="beforeClass()[pri:0, instance:Frameword_practice.test.TC002@644baf4a]" started-at="2025-01-03T10:26:29 IST" name="beforeClass" finished-at="2025-01-03T10:26:29 IST" duration-ms="9" status="PASS">
          <reporter-output>
          </reporter-output>
        </test-method> <!-- beforeClass -->
        <test-method signature="readJson()[pri:0, instance:Frameword_practice.test.TC002@644baf4a]" started-at="2025-01-03T10:26:29 IST" name="readJson" finished-at="2025-01-03T10:26:29 IST" duration-ms="23" status="PASS">
          <reporter-output>
          </reporter-output>
        </test-method> <!-- readJson -->
      </class> <!-- Frameword_practice.test.TC002 -->
    </test> <!-- Default test -->
  </suite> <!-- Default suite -->
</testng-results>
